filepath/data/Twitter dataset/geoTwitter20-01-20.zip
['코로나바이러스', 'コロナウイルス', '冠状病毒', 'covid2019', 'covid-2019', 'covid19', 'covid-19', 'coronavirus', 'corona', 'virus', 'flu', 'sick', 'cough', 'sneeze', 'hospital', 'nurse', 'doctor']
/data/Twitter dataset/geoTwitter20-01-20.zip
filepath/data/Twitter dataset/geoTwitter20-01-19.zip
['코로나바이러스', 'コロナウイルス', '冠状病毒', 'covid2019', 'covid-2019', 'covid19', 'covid-19', 'coronavirus', 'corona', 'virus', 'flu', 'sick', 'cough', 'sneeze', 'hospital', 'nurse', 'doctor']
/data/Twitter dataset/geoTwitter20-01-19.zip
filepath/data/Twitter dataset/geoTwitter20-01-05.zip
['코로나바이러스', 'コロナウイルス', '冠状病毒', 'covid2019', 'covid-2019', 'covid19', 'covid-19', 'coronavirus', 'corona', 'virus', 'flu', 'sick', 'cough', 'sneeze', 'hospital', 'nurse', 'doctor']
/data/Twitter dataset/geoTwitter20-01-05.zip
filepath/data/Twitter dataset/geoTwitter20-01-22.zip
['코로나바이러스', 'コロナウイルス', '冠状病毒', 'covid2019', 'covid-2019', 'covid19', 'covid-19', 'coronavirus', 'corona', 'virus', 'flu', 'sick', 'cough', 'sneeze', 'hospital', 'nurse', 'doctor']
/data/Twitter dataset/geoTwitter20-01-22.zip
filepath/data/Twitter dataset/geoTwitter20-01-10.zip
['코로나바이러스', 'コロナウイルス', '冠状病毒', 'covid2019', 'covid-2019', 'covid19', 'covid-19', 'coronavirus', 'corona', 'virus', 'flu', 'sick', 'cough', 'sneeze', 'hospital', 'nurse', 'doctor']
/data/Twitter dataset/geoTwitter20-01-10.zip
filepath/data/Twitter dataset/geoTwitter20-01-23.zip
['코로나바이러스', 'コロナウイルス', '冠状病毒', 'covid2019', 'covid-2019', 'covid19', 'covid-19', 'coronavirus', 'corona', 'virus', 'flu', 'sick', 'cough', 'sneeze', 'hospital', 'nurse', 'doctor']
/data/Twitter dataset/geoTwitter20-01-23.zip
filepath/data/Twitter dataset/geoTwitter20-01-17.zip
['코로나바이러스', 'コロナウイルス', '冠状病毒', 'covid2019', 'covid-2019', 'covid19', 'covid-19', 'coronavirus', 'corona', 'virus', 'flu', 'sick', 'cough', 'sneeze', 'hospital', 'nurse', 'doctor']
/data/Twitter dataset/geoTwitter20-01-17.zip
filepath/data/Twitter dataset/geoTwitter20-01-15.zip
['코로나바이러스', 'コロナウイルス', '冠状病毒', 'covid2019', 'covid-2019', 'covid19', 'covid-19', 'coronavirus', 'corona', 'virus', 'flu', 'sick', 'cough', 'sneeze', 'hospital', 'nurse', 'doctor']
/data/Twitter dataset/geoTwitter20-01-15.zip
filepath/data/Twitter dataset/geoTwitter20-01-24.zip
['코로나바이러스', 'コロナウイルス', '冠状病毒', 'covid2019', 'covid-2019', 'covid19', 'covid-19', 'coronavirus', 'corona', 'virus', 'flu', 'sick', 'cough', 'sneeze', 'hospital', 'nurse', 'doctor']
/data/Twitter dataset/geoTwitter20-01-24.zip
filepath/data/Twitter dataset/geoTwitter20-01-11.zip
['코로나바이러스', 'コロナウイルス', '冠状病毒', 'covid2019', 'covid-2019', 'covid19', 'covid-19', 'coronavirus', 'corona', 'virus', 'flu', 'sick', 'cough', 'sneeze', 'hospital', 'nurse', 'doctor']
/data/Twitter dataset/geoTwitter20-01-11.zip
filepath/data/Twitter dataset/geoTwitter20-01-21.zip
['코로나바이러스', 'コロナウイルス', '冠状病毒', 'covid2019', 'covid-2019', 'covid19', 'covid-19', 'coronavirus', 'corona', 'virus', 'flu', 'sick', 'cough', 'sneeze', 'hospital', 'nurse', 'doctor']
/data/Twitter dataset/geoTwitter20-01-21.zip
filepath/data/Twitter dataset/geoTwitter20-01-25.zip
['코로나바이러스', 'コロナウイルス', '冠状病毒', 'covid2019', 'covid-2019', 'covid19', 'covid-19', 'coronavirus', 'corona', 'virus', 'flu', 'sick', 'cough', 'sneeze', 'hospital', 'nurse', 'doctor']
/data/Twitter dataset/geoTwitter20-01-25.zip
filepath/data/Twitter dataset/geoTwitter20-01-03.zip
['코로나바이러스', 'コロナウイルス', '冠状病毒', 'covid2019', 'covid-2019', 'covid19', 'covid-19', 'coronavirus', 'corona', 'virus', 'flu', 'sick', 'cough', 'sneeze', 'hospital', 'nurse', 'doctor']
/data/Twitter dataset/geoTwitter20-01-03.zip
filepath/data/Twitter dataset/geoTwitter20-01-01.zip
['코로나바이러스', 'コロナウイルス', '冠状病毒', 'covid2019', 'covid-2019', 'covid19', 'covid-19', 'coronavirus', 'corona', 'virus', 'flu', 'sick', 'cough', 'sneeze', 'hospital', 'nurse', 'doctor']
/data/Twitter dataset/geoTwitter20-01-01.zip
filepath/data/Twitter dataset/geoTwitter20-01-09.zip
['코로나바이러스', 'コロナウイルス', '冠状病毒', 'covid2019', 'covid-2019', 'covid19', 'covid-19', 'coronavirus', 'corona', 'virus', 'flu', 'sick', 'cough', 'sneeze', 'hospital', 'nurse', 'doctor']
/data/Twitter dataset/geoTwitter20-01-09.zip
filepath/data/Twitter dataset/geoTwitter20-01-12.zip
['코로나바이러스', 'コロナウイルス', '冠状病毒', 'covid2019', 'covid-2019', 'covid19', 'covid-19', 'coronavirus', 'corona', 'virus', 'flu', 'sick', 'cough', 'sneeze', 'hospital', 'nurse', 'doctor']
/data/Twitter dataset/geoTwitter20-01-12.zip
filepath/data/Twitter dataset/geoTwitter20-01-13.zip
['코로나바이러스', 'コロナウイルス', '冠状病毒', 'covid2019', 'covid-2019', 'covid19', 'covid-19', 'coronavirus', 'corona', 'virus', 'flu', 'sick', 'cough', 'sneeze', 'hospital', 'nurse', 'doctor']
/data/Twitter dataset/geoTwitter20-01-13.zip
filepath/data/Twitter dataset/geoTwitter20-01-04.zip
['코로나바이러스', 'コロナウイルス', '冠状病毒', 'covid2019', 'covid-2019', 'covid19', 'covid-19', 'coronavirus', 'corona', 'virus', 'flu', 'sick', 'cough', 'sneeze', 'hospital', 'nurse', 'doctor']
/data/Twitter dataset/geoTwitter20-01-04.zip
filepath/data/Twitter dataset/geoTwitter20-01-07.zip
['코로나바이러스', 'コロナウイルス', '冠状病毒', 'covid2019', 'covid-2019', 'covid19', 'covid-19', 'coronavirus', 'corona', 'virus', 'flu', 'sick', 'cough', 'sneeze', 'hospital', 'nurse', 'doctor']
/data/Twitter dataset/geoTwitter20-01-07.zip
filepath/data/Twitter dataset/geoTwitter20-01-18.zip
['코로나바이러스', 'コロナウイルス', '冠状病毒', 'covid2019', 'covid-2019', 'covid19', 'covid-19', 'coronavirus', 'corona', 'virus', 'flu', 'sick', 'cough', 'sneeze', 'hospital', 'nurse', 'doctor']
/data/Twitter dataset/geoTwitter20-01-18.zip
filepath/data/Twitter dataset/geoTwitter20-01-14.zip
['코로나바이러스', 'コロナウイルス', '冠状病毒', 'covid2019', 'covid-2019', 'covid19', 'covid-19', 'coronavirus', 'corona', 'virus', 'flu', 'sick', 'cough', 'sneeze', 'hospital', 'nurse', 'doctor']
/data/Twitter dataset/geoTwitter20-01-14.zip
filepath/data/Twitter dataset/geoTwitter20-01-16.zip
['코로나바이러스', 'コロナウイルス', '冠状病毒', 'covid2019', 'covid-2019', 'covid19', 'covid-19', 'coronavirus', 'corona', 'virus', 'flu', 'sick', 'cough', 'sneeze', 'hospital', 'nurse', 'doctor']
/data/Twitter dataset/geoTwitter20-01-16.zip
filepath/data/Twitter dataset/geoTwitter20-01-06.zip
['코로나바이러스', 'コロナウイルス', '冠状病毒', 'covid2019', 'covid-2019', 'covid19', 'covid-19', 'coronavirus', 'corona', 'virus', 'flu', 'sick', 'cough', 'sneeze', 'hospital', 'nurse', 'doctor']
/data/Twitter dataset/geoTwitter20-01-06.zip
filepath/data/Twitter dataset/geoTwitter20-01-30.zip
['코로나바이러스', 'コロナウイルス', '冠状病毒', 'covid2019', 'covid-2019', 'covid19', 'covid-19', 'coronavirus', 'corona', 'virus', 'flu', 'sick', 'cough', 'sneeze', 'hospital', 'nurse', 'doctor']
/data/Twitter dataset/geoTwitter20-01-30.zip
filepath/data/Twitter dataset/geoTwitter20-01-28.zip
['코로나바이러스', 'コロナウイルス', '冠状病毒', 'covid2019', 'covid-2019', 'covid19', 'covid-19', 'coronavirus', 'corona', 'virus', 'flu', 'sick', 'cough', 'sneeze', 'hospital', 'nurse', 'doctor']
/data/Twitter dataset/geoTwitter20-01-28.zip
filepath/data/Twitter dataset/geoTwitter20-01-26.zip
['코로나바이러스', 'コロナウイルス', '冠状病毒', 'covid2019', 'covid-2019', 'covid19', 'covid-19', 'coronavirus', 'corona', 'virus', 'flu', 'sick', 'cough', 'sneeze', 'hospital', 'nurse', 'doctor']
/data/Twitter dataset/geoTwitter20-01-26.zip
filepath/data/Twitter dataset/geoTwitter20-01-08.zip
['코로나바이러스', 'コロナウイルス', '冠状病毒', 'covid2019', 'covid-2019', 'covid19', 'covid-19', 'coronavirus', 'corona', 'virus', 'flu', 'sick', 'cough', 'sneeze', 'hospital', 'nurse', 'doctor']
/data/Twitter dataset/geoTwitter20-01-08.zip
filepath/data/Twitter dataset/geoTwitter20-01-29.zip
['코로나바이러스', 'コロナウイルス', '冠状病毒', 'covid2019', 'covid-2019', 'covid19', 'covid-19', 'coronavirus', 'corona', 'virus', 'flu', 'sick', 'cough', 'sneeze', 'hospital', 'nurse', 'doctor']
/data/Twitter dataset/geoTwitter20-01-29.zip
filepath/data/Twitter dataset/geoTwitter20-01-27.zip
['코로나바이러스', 'コロナウイルス', '冠状病毒', 'covid2019', 'covid-2019', 'covid19', 'covid-19', 'coronavirus', 'corona', 'virus', 'flu', 'sick', 'cough', 'sneeze', 'hospital', 'nurse', 'doctor']
/data/Twitter dataset/geoTwitter20-01-27.zip
filepath/data/Twitter dataset/geoTwitter20-01-02.zip
['코로나바이러스', 'コロナウイルス', '冠状病毒', 'covid2019', 'covid-2019', 'covid19', 'covid-19', 'coronavirus', 'corona', 'virus', 'flu', 'sick', 'cough', 'sneeze', 'hospital', 'nurse', 'doctor']
/data/Twitter dataset/geoTwitter20-01-02.zip
filepath/data/Twitter dataset/geoTwitter20-01-31.zip
['코로나바이러스', 'コロナウイルス', '冠状病毒', 'covid2019', 'covid-2019', 'covid19', 'covid-19', 'coronavirus', 'corona', 'virus', 'flu', 'sick', 'cough', 'sneeze', 'hospital', 'nurse', 'doctor']
/data/Twitter dataset/geoTwitter20-01-31.zip
Traceback (most recent call last):
  File "/home/miba2020/twitter_coronavirus/src/map.py", line 46, in <module>
    tweetcount += 1
    ^^^^^^^^^^
NameError: name 'tweetcount' is not defined. Did you mean: 'tweet_count'?
Traceback (most recent call last):
  File "/home/miba2020/twitter_coronavirus/src/map.py", line 46, in <module>
    tweetcount += 1
    ^^^^^^^^^^
NameError: name 'tweetcount' is not defined. Did you mean: 'tweet_count'?
Traceback (most recent call last):
  File "/home/miba2020/twitter_coronavirus/src/map.py", line 46, in <module>
    tweetcount += 1
    ^^^^^^^^^^
NameError: name 'tweetcount' is not defined. Did you mean: 'tweet_count'?
Traceback (most recent call last):
  File "/home/miba2020/twitter_coronavirus/src/map.py", line 46, in <module>
Traceback (most recent call last):
  File "/home/miba2020/twitter_coronavirus/src/map.py", line 46, in <module>
    tweetcount += 1
    tweetcount += 1
    ^^^^^^^^^^
    ^^^^^^^^^^
NameError: name 'tweetcount' is not defined. Did you mean: 'tweet_count'?
NameError: name 'tweetcount' is not defined. Did you mean: 'tweet_count'?
Traceback (most recent call last):
  File "/home/miba2020/twitter_coronavirus/src/map.py", line 46, in <module>
    tweetcount += 1
    ^^^^^^^^^^
NameError: name 'tweetcount' is not defined. Did you mean: 'tweet_count'?
Traceback (most recent call last):
  File "/home/miba2020/twitter_coronavirus/src/map.py", line 46, in <module>
    tweetcount += 1
    ^^^^^^^^^^
NameError: name 'tweetcount' is not defined. Did you mean: 'tweet_count'?
Traceback (most recent call last):
  File "/home/miba2020/twitter_coronavirus/src/map.py", line 46, in <module>
    tweetcount += 1
    ^^^^^^^^^^
NameError: name 'tweetcount' is not defined. Did you mean: 'tweet_count'?
Traceback (most recent call last):
  File "/home/miba2020/twitter_coronavirus/src/map.py", line 46, in <module>
    tweetcount += 1
    ^^^^^^^^^^
NameError: name 'tweetcount' is not defined. Did you mean: 'tweet_count'?
Traceback (most recent call last):
  File "/home/miba2020/twitter_coronavirus/src/map.py", line 46, in <module>
    tweetcount += 1
    ^^^^^^^^^^
NameError: name 'tweetcount' is not defined. Did you mean: 'tweet_count'?
Traceback (most recent call last):
  File "/home/miba2020/twitter_coronavirus/src/map.py", line 46, in <module>
    tweetcount += 1
    ^^^^^^^^^^
NameError: name 'tweetcount' is not defined. Did you mean: 'tweet_count'?
Traceback (most recent call last):
  File "/home/miba2020/twitter_coronavirus/src/map.py", line 46, in <module>
    tweetcount += 1
    ^^^^^^^^^^
NameError: name 'tweetcount' is not defined. Did you mean: 'tweet_count'?
Traceback (most recent call last):
  File "/home/miba2020/twitter_coronavirus/src/map.py", line 46, in <module>
    tweetcount += 1
    ^^^^^^^^^^
NameError: name 'tweetcount' is not defined. Did you mean: 'tweet_count'?
Traceback (most recent call last):
Traceback (most recent call last):
  File "/home/miba2020/twitter_coronavirus/src/map.py", line 46, in <module>
  File "/home/miba2020/twitter_coronavirus/src/map.py", line 46, in <module>
    tweetcount += 1
    tweetcount += 1
    ^^^^^^^^^^
    ^^^^^^^^^^
NameError: name 'tweetcount' is not defined. Did you mean: 'tweet_count'?
NameError: name 'tweetcount' is not defined. Did you mean: 'tweet_count'?
Traceback (most recent call last):
  File "/home/miba2020/twitter_coronavirus/src/map.py", line 46, in <module>
    tweetcount += 1
    ^^^^^^^^^^
NameError: name 'tweetcount' is not defined. Did you mean: 'tweet_count'?
Traceback (most recent call last):
  File "/home/miba2020/twitter_coronavirus/src/map.py", line 46, in <module>
    tweetcount += 1
    ^^^^^^^^^^
NameError: name 'tweetcount' is not defined. Did you mean: 'tweet_count'?
Traceback (most recent call last):
  File "/home/miba2020/twitter_coronavirus/src/map.py", line 46, in <module>
Traceback (most recent call last):
Traceback (most recent call last):
  File "/home/miba2020/twitter_coronavirus/src/map.py", line 46, in <module>
  File "/home/miba2020/twitter_coronavirus/src/map.py", line 46, in <module>
    tweetcount += 1
    ^^^^^^^^^^
    tweetcount += 1
    tweetcount += 1
NameError: name 'tweetcount' is not defined. Did you mean: 'tweet_count'?
    ^^^^^^^^^^
    ^^^^^^^^^^
NameError: name 'tweetcount' is not defined. Did you mean: 'tweet_count'?
NameError: name 'tweetcount' is not defined. Did you mean: 'tweet_count'?
Traceback (most recent call last):
  File "/home/miba2020/twitter_coronavirus/src/map.py", line 46, in <module>
    tweetcount += 1
    ^^^^^^^^^^
NameError: name 'tweetcount' is not defined. Did you mean: 'tweet_count'?
Traceback (most recent call last):
  File "/home/miba2020/twitter_coronavirus/src/map.py", line 46, in <module>
    tweetcount += 1
    ^^^^^^^^^^
NameError: name 'tweetcount' is not defined. Did you mean: 'tweet_count'?
Traceback (most recent call last):
  File "/home/miba2020/twitter_coronavirus/src/map.py", line 46, in <module>
    tweetcount += 1
    ^^^^^^^^^^
NameError: name 'tweetcount' is not defined. Did you mean: 'tweet_count'?
Traceback (most recent call last):
  File "/home/miba2020/twitter_coronavirus/src/map.py", line 46, in <module>
    tweetcount += 1
    ^^^^^^^^^^
NameError: name 'tweetcount' is not defined. Did you mean: 'tweet_count'?
Traceback (most recent call last):
  File "/home/miba2020/twitter_coronavirus/src/map.py", line 46, in <module>
    tweetcount += 1
    ^^^^^^^^^^
NameError: name 'tweetcount' is not defined. Did you mean: 'tweet_count'?
Traceback (most recent call last):
  File "/home/miba2020/twitter_coronavirus/src/map.py", line 46, in <module>
    tweetcount += 1
    ^^^^^^^^^^
NameError: name 'tweetcount' is not defined. Did you mean: 'tweet_count'?
Traceback (most recent call last):
  File "/home/miba2020/twitter_coronavirus/src/map.py", line 46, in <module>
    tweetcount += 1
    ^^^^^^^^^^
NameError: name 'tweetcount' is not defined. Did you mean: 'tweet_count'?
Traceback (most recent call last):
  File "/home/miba2020/twitter_coronavirus/src/map.py", line 46, in <module>
    tweetcount += 1
    ^^^^^^^^^^
NameError: name 'tweetcount' is not defined. Did you mean: 'tweet_count'?
Traceback (most recent call last):
  File "/home/miba2020/twitter_coronavirus/src/map.py", line 46, in <module>
    tweetcount += 1
    ^^^^^^^^^^
NameError: name 'tweetcount' is not defined. Did you mean: 'tweet_count'?
Traceback (most recent call last):
  File "/home/miba2020/twitter_coronavirus/src/map.py", line 46, in <module>
    tweetcount += 1
    ^^^^^^^^^^
NameError: name 'tweetcount' is not defined. Did you mean: 'tweet_count'?
Traceback (most recent call last):
  File "/home/miba2020/twitter_coronavirus/src/map.py", line 46, in <module>
    tweetcount += 1
    ^^^^^^^^^^
NameError: name 'tweetcount' is not defined. Did you mean: 'tweet_count'?
